[mado.az/menu/meals.html]
[ajax.googleapis.com/ajax/libs/jquery/3.3.1/jquery.min.js]
[mado.az/style1bce.css]
[backblue.gif]
[fade.gif]
[index.html]
[mado.az/favicon/apple-touch-icon.png]
[mado.az/menu/js/jquery-3.3.1.min1bce.js]
[mado.az/js/main1bce.js]
[mado.az/favicon/favicon-32x32.png]
[mado.az/favicon/favicon-16x16.png]
[mado.az/menu/mealsaae5.html]
[mado.az/menu/meals060f.html]
[mado.az/menu/special-menuce56.html]
[mado.az/menu/yenice56.html]
[mado.az/menu/mealsce56.html]
[mado.az/menu/sweetsce56.html]
[mado.az/menu/ice-creamce56.html]
[mado.az/menu/bakeryce56.html]
[mado.az/menu/biznes-lanchce56.html]
[mado.az/menu/drinksce56.html]
[mado.az/menu/mangal-menuce56.html]
[mado.az/menu/meals/Mado-Klassik-Seher-Yemeyi-5.html]
[mado.az/pics/259/259/product/5/mado-kalssik-seher-yemeyi_1574007804.jpg]
[mado.az/menu/meals/Isti-Seher-Yemeyi-7.html]
[mado.az/pics/259/259/product/7/isti-shr-yemyi_1574007167.jpg]
[mado.az/menu/meals/Ingilis-Seher-Yemeyi-8.html]
[mado.az/pics/259/259/product/8/ingilis-seher-yemeyi_1574066204.jpg]
[mado.az/menu/meals/Suretli-Seher-Yemeyi-9.html]
[mado.az/pics/259/259/product/9/srtli_shr_yemyi_1663140482.jpg]
[mado.az/menu/meals/Enenevi-Kend-Seher-Yemeyi-Sucuqlu-Yumurta-ile-12.html]
[mado.az/pics/259/259/product/12/enenevi-kend-seher-yemeyi-1_1574066460.jpg]
[mado.az/menu/meals/Enenevi-Kend-Seher-Yemeyi-Menemen-ile-13.html]
[mado.az/pics/259/259/product/13/enenevi-kend-seher-yemeyi-3_1574066481.jpg]
[mado.az/menu/meals/Milli-Seher-Yemeyi-15.html]
[mado.az/pics/259/259/product/15/milli-seher-yemeyi_1574007994.jpg]
[mado.az/menu/meals/Ag-pendir-16.html]
[mado.az/pics/259/259/product/16/a_pendir_1577029294.jpg]
[mado.az/menu/meals/Siqara-boreyi-47.html]
[mado.az/pics/259/259/product/47/siqara_breyi_1577029363.jpg]
[mado.az/menu/meals/Steyk-Salat-48.html]
[mado.az/pics/259/259/product/48/Steyk_salat_1672408405.jpg]
[mado.az/menu/meals/Qizardilmish-hellim-pendiri-49.html]
[mado.az/pics/259/259/product/49/qzardlm_helim_pendiri_1577029398.jpg]
[mado.az/menu/meals/Kashar-Pendirli-50.html]
[mado.az/pics/259/259/product/50/Kaar-Pendirli-Omlet-2_1580661890.jpg]
[mado.az/menu/meals/Tavada-Sucuqlu-Yumurta-51.html]
[mado.az/pics/259/259/product/51/dordlu-seher-yemeyi-2_1577029757.jpg]
[mado.az/menu/meals/Kashar-Pendirli-Menemen-53.html]
[mado.az/pics/259/259/product/53/menemen_Kaar_Pendirli_1577036932.jpg]
[mado.az/menu/meals/Pomidor-xiyar-salati-54.html]
[mado.az/pics/259/259/product/54/pomidor-xiyar_salat_1577030009.jpg]
[mado.az/menu/meals/Sucuqlu-Menemen-57.html]
[mado.az/pics/259/259/product/57/menemen_sucuklu_1577036983.jpg]
[mado.az/menu/meals/Pomidor-Yumurta-59.html]
[mado.az/pics/259/259/product/59/pomidor-yumurta_1577030806.jpg]
[mado.az/menu/meals/Ag-Pendirli-Omlet-60.html]
[mado.az/pics/259/259/product/60/A_Pendirli_Omlet_1577036760.jpg]
[mado.az/menu/meals/Tavada-Yumurta-61.html]
[mado.az/pics/259/259/product/61/tavada-yumurta_1577037310.jpg]
[mado.az/menu/meals/Horgu-pendiri-62.html]
[mado.az/pics/259/259/product/62/hrg_pendiri_1577031206.jpg]
[mado.az/menu/meals/Qarishiq-Omlet-63.html]
[mado.az/pics/259/259/product/63/Qarq_omlet_1577036884.jpg]
[mado.az/menu/meals/Kashar-pendiri-65.html]
[mado.az/pics/259/259/product/65/Kaa_pendiri_1577031330.jpg]
[mado.az/menu/meals/Keci-pendiri-66.html]
[mado.az/pics/259/259/product/66/kei_pendiri_1577031375.jpg]
[mado.az/menu/meals/Qara-zeytun-67.html]
[mado.az/pics/259/259/product/67/qara_yal_zeytun_1577031406.jpg]
[mado.az/menu/meals/yashil-zeytun-68.html]
[mado.az/pics/259/259/product/68/qara_yal_zeytun_1577031463.jpg]
[mado.az/menu/meals/Menemen-69.html]
[mado.az/pics/259/259/product/69/menemen2_1577037065.jpg]
[mado.az/menu/meals/Kere-yagi-72.html]
[mado.az/pics/259/259/product/72/kr_ya_1577031647.jpg]
[mado.az/menu/meals/Qaymaq-73.html]
[mado.az/pics/259/259/product/73/qaymaq_1577029284.jpg]
[mado.az/menu/meals/Bal-74.html]
[mado.az/pics/259/259/product/74/bal_1577031678.jpg]
[mado.az/menu/meals/Toyuq-Salati-77.html]
[mado.az/pics/259/259/product/77/Toyuq_salat_1672408375.jpg]
[mado.az/menu/meals9e2b.html]
[mado.az/menu/meals/breakfastce56.html]
[mado.az/menu/meals/soupsce56.html]
[mado.az/menu/meals/saladsce56.html]
[mado.az/menu/meals/sancksce56.html]
[mado.az/menu/meals/hot-dishesce56.html]
[mado.az/menu/meals/kababce56.html]
[mado.az/menu/meals/burgers-sandwichesce56.html]
[mado.az/menu/meals/pizzace56.html]
[mado.az/menu/meals/pastace56.html]
[mado.az/menu/meals/diyetikce56.html]
[mado.az/menu/sweets/milk-sweetsce56.html]
[mado.az/menu/sweets/hot-sweetsce56.html]
[mado.az/menu/sweets/special-dessertsce56.html]
[mado.az/menu/sweets/pakhlavace56.html]
[mado.az/menu/sweets/cakesce56.html]
[mado.az/menu/sweets/gurabiace56.html]
[mado.az/menu/ice-cream/marash-ice-creamce56.html]
[mado.az/menu/ice-cream/freezing-flavorsce56.html]
[mado.az/menu/ice-cream/coupe-splitsce56.html]
[mado.az/menu/ice-cream/ice-cream-assortmentce56.html]
[mado.az/menu/drinks/coffeece56.html]
[mado.az/menu/drinks/teace56.html]
[mado.az/menu/drinks/milkshakece56.html]
[mado.az/menu/drinks/frozen-drink-mixesce56.html]
[mado.az/menu/drinks/natural-juicesce56.html]
[mado.az/menu/drinks/other-drinksce56.html]
[mado.az/images/img27.jpg]
[mado.az/images/img28.jpg]
[mado.az/images/img29.jpg]
[mado.az/images/img30.jpg]
[mado.az/images/img31.jpg]
[mado.az/images/img32.jpg]
[mado.az/menu/meals.html]
[mado.az/fonts/fa-solid-900.eot]
[mado.az/fonts/fa-solid-900d41d.eot]
[mado.az/fonts/fa-solid-900.woff2]
[mado.az/fonts/fa-solid-900.woff]
[mado.az/fonts/fa-solid-900.ttf]
[mado.az/fonts/fa-brands-400.eot]
[mado.az/fonts/fa-brands-400d41d.eot]
[mado.az/fonts/fa-brands-400.woff2]
[mado.az/fonts/fa-brands-400.woff]
[mado.az/fonts/fa-brands-400.ttf]
[mado.az/fonts/fa-regular-400.eot]
[mado.az/fonts/fa-regular-400d41d.eot]
[mado.az/fonts/fa-regular-400.woff2]
[mado.az/fonts/fa-regular-400.woff]
[mado.az/fonts/fa-regular-400.ttf]
[mado.az/fonts/icomoonab0f.eot]
[mado.az/fonts/icomoonab0f.ttf]
[mado.az/fonts/icomoonab0f.woff]
[mado.az/fonts/Lato-Light.ttf]
[mado.az/fonts/Lato-LightItalic.ttf]
[mado.az/fonts/Lato-Regular.ttf]
[mado.az/fonts/Lato-Italic.ttf]
[mado.az/fonts/Lato-Bold.ttf]
[mado.az/fonts/Lato-BoldItalic.ttf]
[mado.az/fonts/Lato-Black.ttf]
[mado.az/fonts/Lato-BlackItalic.ttf]
[mado.az/images/pattern02.png]
[mado.az/images/pattern01.png]
[mado.az/images/pattern03.png]
[mado.az/style1bce.css]
[mado.az/menu/mealsb698.html]
[mado.az/menu/special-menufef7.html]
[mado.az/menu/yenifef7.html]
[mado.az/menu/mealsfef7.html]
[mado.az/menu/sweetsfef7.html]
[mado.az/menu/ice-creamfef7.html]
[mado.az/menu/bakeryfef7.html]
[mado.az/menu/biznes-lanchfef7.html]
[mado.az/menu/drinksfef7.html]
[mado.az/menu/mangal-menufef7.html]
[mado.az/menu/meals/Mado-Klassik-Seher-Yemeyi-5fef7.html]
[mado.az/menu/meals/Isti-Seher-Yemeyi-7fef7.html]
[mado.az/menu/meals/Ingilis-Seher-Yemeyi-8fef7.html]
[mado.az/menu/meals/Suretli-Seher-Yemeyi-9fef7.html]
[mado.az/menu/meals/Enenevi-Kend-Seher-Yemeyi-Sucuqlu-Yumurta-ile-12fef7.html]
[mado.az/menu/meals/Enenevi-Kend-Seher-Yemeyi-Menemen-ile-13fef7.html]
[mado.az/menu/meals/Milli-Seher-Yemeyi-15fef7.html]
[mado.az/menu/meals/Ag-pendir-16fef7.html]
[mado.az/menu/meals/Siqara-boreyi-47fef7.html]
[mado.az/menu/meals/Steyk-Salat-48fef7.html]
[mado.az/menu/meals/Qizardilmish-hellim-pendiri-49fef7.html]
[mado.az/menu/meals/Kashar-Pendirli-50fef7.html]
[mado.az/menu/meals/Tavada-Sucuqlu-Yumurta-51fef7.html]
[mado.az/menu/meals/Kashar-Pendirli-Menemen-53fef7.html]
[mado.az/menu/meals/Pomidor-xiyar-salati-54fef7.html]
[mado.az/menu/meals/Sucuqlu-Menemen-57fef7.html]
[mado.az/menu/meals/Pomidor-Yumurta-59fef7.html]
[mado.az/menu/meals/Ag-Pendirli-Omlet-60fef7.html]
[mado.az/menu/meals/Tavada-Yumurta-61fef7.html]
[mado.az/menu/meals/Horgu-pendiri-62fef7.html]
[mado.az/menu/meals/Qarishiq-Omlet-63fef7.html]
[mado.az/menu/meals/Kashar-pendiri-65fef7.html]
[mado.az/menu/meals/Keci-pendiri-66fef7.html]
[mado.az/menu/meals/Qara-zeytun-67fef7.html]
[mado.az/menu/meals/yashil-zeytun-68fef7.html]
[mado.az/menu/meals/Menemen-69fef7.html]
[mado.az/menu/meals/Kere-yagi-72fef7.html]
[mado.az/menu/meals/Qaymaq-73fef7.html]
[mado.az/menu/meals/Bal-74fef7.html]
[mado.az/menu/meals/Toyuq-Salati-77fef7.html]
[mado.az/menu/mealsf85f.html]
[mado.az/menu/meals/breakfastfef7.html]
[mado.az/menu/meals/soupsfef7.html]
[mado.az/menu/meals/saladsfef7.html]
[mado.az/menu/meals/sancksfef7.html]
[mado.az/menu/meals/hot-dishesfef7.html]
[mado.az/menu/meals/kababfef7.html]
[mado.az/menu/meals/burgers-sandwichesfef7.html]
[mado.az/menu/meals/pizzafef7.html]
[mado.az/menu/meals/pastafef7.html]
[mado.az/menu/meals/diyetikfef7.html]
[mado.az/menu/sweets/milk-sweetsfef7.html]
[mado.az/menu/sweets/hot-sweetsfef7.html]
[mado.az/menu/sweets/special-dessertsfef7.html]
[mado.az/menu/sweets/pakhlavafef7.html]
[mado.az/menu/sweets/cakesfef7.html]
[mado.az/menu/sweets/gurabiafef7.html]
[mado.az/menu/ice-cream/marash-ice-creamfef7.html]
[mado.az/menu/ice-cream/freezing-flavorsfef7.html]
[mado.az/menu/ice-cream/coupe-splitsfef7.html]
[mado.az/menu/ice-cream/ice-cream-assortmentfef7.html]
[mado.az/menu/drinks/coffeefef7.html]
[mado.az/menu/drinks/teafef7.html]
[mado.az/menu/drinks/milkshakefef7.html]
[mado.az/menu/drinks/frozen-drink-mixesfef7.html]
[mado.az/menu/drinks/natural-juicesfef7.html]
[mado.az/menu/drinks/other-drinksfef7.html]
[mado.az/menu/mealsaae5.html]
[mado.az/menu/special-menu9201.html]
[mado.az/menu/yeni9201.html]
[mado.az/menu/meals9201.html]
[mado.az/menu/sweets9201.html]
[mado.az/menu/ice-cream9201.html]
[mado.az/menu/bakery9201.html]
[mado.az/menu/biznes-lanch9201.html]
[mado.az/menu/drinks9201.html]
[mado.az/menu/mangal-menu9201.html]
[mado.az/menu/meals/Mado-Klassik-Seher-Yemeyi-59201.html]
[mado.az/menu/meals/Isti-Seher-Yemeyi-79201.html]
[mado.az/menu/meals/Ingilis-Seher-Yemeyi-89201.html]
[mado.az/menu/meals/Suretli-Seher-Yemeyi-99201.html]
[mado.az/menu/meals/Enenevi-Kend-Seher-Yemeyi-Sucuqlu-Yumurta-ile-129201.html]
[mado.az/menu/meals/Enenevi-Kend-Seher-Yemeyi-Menemen-ile-139201.html]
[mado.az/menu/meals/Milli-Seher-Yemeyi-159201.html]
[mado.az/menu/meals/Ag-pendir-169201.html]
[mado.az/menu/meals/Siqara-boreyi-479201.html]
[mado.az/menu/meals/Steyk-Salat-489201.html]
[mado.az/menu/meals/Qizardilmish-hellim-pendiri-499201.html]
[mado.az/menu/meals/Kashar-Pendirli-509201.html]
[mado.az/menu/meals/Tavada-Sucuqlu-Yumurta-519201.html]
[mado.az/menu/meals/Kashar-Pendirli-Menemen-539201.html]
[mado.az/menu/meals/Pomidor-xiyar-salati-549201.html]
[mado.az/menu/meals/Sucuqlu-Menemen-579201.html]
[mado.az/menu/meals/Pomidor-Yumurta-599201.html]
[mado.az/menu/meals/Ag-Pendirli-Omlet-609201.html]
[mado.az/menu/meals/Tavada-Yumurta-619201.html]
[mado.az/menu/meals/Horgu-pendiri-629201.html]
[mado.az/menu/meals/Qarishiq-Omlet-639201.html]
[mado.az/menu/meals/Kashar-pendiri-659201.html]
[mado.az/menu/meals/Keci-pendiri-669201.html]
[mado.az/menu/meals/Qara-zeytun-679201.html]
[mado.az/menu/meals/yashil-zeytun-689201.html]
[mado.az/menu/meals/Menemen-699201.html]
[mado.az/menu/meals/Kere-yagi-729201.html]
[mado.az/menu/meals/Qaymaq-739201.html]
[mado.az/menu/meals/Bal-749201.html]
[mado.az/menu/meals/Toyuq-Salati-779201.html]
[mado.az/menu/meals0503.html]
[mado.az/menu/meals/breakfast9201.html]
[mado.az/menu/meals/soups9201.html]
[mado.az/menu/meals/salads9201.html]
[mado.az/menu/meals/sancks9201.html]
[mado.az/menu/meals/hot-dishes9201.html]
[mado.az/menu/meals/kabab9201.html]
[mado.az/menu/meals/burgers-sandwiches9201.html]
[mado.az/menu/meals/pizza9201.html]
[mado.az/menu/meals/pasta9201.html]
[mado.az/menu/meals/diyetik9201.html]
[mado.az/menu/sweets/milk-sweets9201.html]
[mado.az/menu/sweets/hot-sweets9201.html]
[mado.az/menu/sweets/special-desserts9201.html]
[mado.az/menu/sweets/pakhlava9201.html]
[mado.az/menu/sweets/cakes9201.html]
[mado.az/menu/sweets/gurabia9201.html]
[mado.az/menu/ice-cream/marash-ice-cream9201.html]
[mado.az/menu/ice-cream/freezing-flavors9201.html]
[mado.az/menu/ice-cream/coupe-splits9201.html]
[mado.az/menu/ice-cream/ice-cream-assortment9201.html]
[mado.az/menu/drinks/coffee9201.html]
[mado.az/menu/drinks/tea9201.html]
[mado.az/menu/drinks/milkshake9201.html]
[mado.az/menu/drinks/frozen-drink-mixes9201.html]
[mado.az/menu/drinks/natural-juices9201.html]
[mado.az/menu/drinks/other-drinks9201.html]
[mado.az/menu/meals060f.html]
[mado.az/menu/special-menua696.html]
[mado.az/menu/special-menu5952.html]
[mado.az/menu/special-menu/Merenqa-rulet-718ce56.html]
[mado.az/pics/259/259/product/718/10_1691502238.jpg]
[mado.az/menu/special-menuce56.html]
[mado.az/menu/yenia696.html]
[mado.az/menu/yeni5952.html]
[mado.az/menu/yeni/Quzu-tike-kabab-BEL-469ce56.html]
[mado.az/pics/259/259/product/469/QUZU_TK_KABAB_BEL_1612164565.jpg]
[mado.az/menu/yeni/Kartoflu-koy-boreyi-471ce56.html]
[mado.az/pics/259/259/product/471/KT_BREKLER_1612164714.jpg]
[mado.az/menu/yeni/Ispanaqli-Koy-Boreyi-472ce56.html]
[mado.az/pics/259/259/product/472/KT_BREKLER_1612357272.jpg]
[mado.az/menu/yeni/Pendir-Tabagi-474ce56.html]
[mado.az/pics/259/259/product/474/PENDR_TABAI_1612357210.jpg]
[mado.az/menu/yeni/Lobya-Plov-Ashqara-ile-477ce56.html]
[mado.az/pics/259/259/product/477/LOBYA_PLOV_AQARA_L_1612357090.jpg]
[mado.az/menu/yeni/Shuyudlu-Plov-478ce56.html]
[mado.az/pics/259/259/product/478/YDL_PLOV_1612357063.jpg]
[mado.az/menu/yeni/Toyuq-Gobelek-Sousu-ile-479ce56.html]
[mado.az/pics/259/259/product/479/TOYUQ_GBLK_SOUSU_L_1612356935.jpg]
[mado.az/menu/yeni/Dietik-Terevez-Salati-481ce56.html]
[mado.az/pics/259/259/product/481/DETK_TRVZ_SALATI_1612356857.jpg]
[mado.az/menu/yeni/Dietik-Toyuq-Kesmikli-Qarabashaq-ile-482ce56.html]
[mado.az/pics/259/259/product/482/DETK_TOYUQ_KSMKL_QARABAAQ_L_1612356830.jpg]
[mado.az/menu/yeni/Toyuq-Qanad-Kababi-487ce56.html]
[mado.az/pics/259/259/product/487/TOYUQ_QANAD_KABABI_1612356657.jpg]
[mado.az/menu/yeni/Toyuq-Kababi-bud-dibi-488ce56.html]
[mado.az/pics/259/259/product/488/TOYUQ_KABABI_BUD_DB_1612356600.jpg]
[mado.az/menu/yeni/Lule-Kabab-489ce56.html]
[mado.az/pics/259/259/product/489/LL_KABAB_1612961473.jpg]
[mado.az/menu/yeni/Kasharli-Manqal-Durum-493ce56.html]
[mado.az/pics/259/259/product/493/KAARLI_MANQAL_DRM_1612356368.jpg]
[mado.az/menu/yeni/Club-Sendvic-Set-494ce56.html]
[mado.az/pics/259/259/product/494/TOYUQ_SENDV_SET_1624003225.jpg]
[mado.az/menu/yeni/Toyuq-Sendvic-Set-495ce56.html]
[mado.az/pics/259/259/product/495/CLUB_SENDV_SET_1624003185.jpg]
[mado.az/menu/yeni/Ice-Cream-Boom-496ce56.html]
[mado.az/pics/259/259/product/496/ICE-CREAM_BOOM_1612356200.jpg]
[mado.az/menu/yeni/Qizardilmish-Dondurma-497ce56.html]
[mado.az/pics/259/259/product/497/QIZARDILMI_DONDURMA_1612356165.jpg]
[mado.az/menu/yeni/Boxca-Krep-500ce56.html]
[mado.az/pics/259/259/product/500/BOXA_KREP_1612355942.jpg]
[mado.az/menu/yeni/Special-Krep-501ce56.html]
[mado.az/pics/259/259/product/501/SPECIAL_KREP_1612355898.jpg]
[mado.az/menu/yeni/Ag-Shokoladli-Ekler-506ce56.html]
[mado.az/pics/259/259/product/506/A_OKOLADLI_EKLER_1612355567.jpg]
[mado.az/menu/yeni/Shokoladli-ekler-507ce56.html]
[mado.az/pics/259/259/product/507/A_OKOLADLI_EKLER_1612355525.jpg]
[mado.az/menu/yeni/Qaragatli-Cheesecake-508ce56.html]
[mado.az/pics/259/259/product/508/Qaraatl_izkeyk_1671698077.jpg]
[mado.az/menu/yeni/Kesmikli-Firin-Cheesecake-509ce56.html]
[mado.az/pics/259/259/product/509/KSMKL_FIRIN_CHEESECAKE_1612355400.jpg]
[mado.az/menu/yeni/Ciyelekli-Tart-514ce56.html]
[mado.az/pics/259/259/product/514/iylkli_tart_1672407953.jpg]
[mado.az/menu/yeni/Alma-ve-Darcinli-Ihlamur-Cayi-522ce56.html]
[mado.az/pics/259/259/product/522/ALMA__DARINLI_HLAMUR_AYI_1612354786.jpg]
[mado.az/menu/yeni/Azerbaycan-Cayi-Zeferan-ile-526ce56.html]
[mado.az/pics/259/259/product/526/AZRBAYCAN_AYI_ZFRAN_L_1612354500.jpg]
[mado.az/menu/yeni/Zeferan-Cayi-527ce56.html]
[mado.az/pics/259/259/product/527/ZFRAN_AYI_1612354477.jpg]
[mado.az/menu/yeni/Pumpkin-Spice-Latte-528ce56.html]
[mado.az/pics/259/259/product/528/Pumpkin_spice_latte_1672146531.jpg]
[mado.az/menu/yeni/Quzu-pirzola-534ce56.html]
[mado.az/pics/259/259/product/534/QUZU_PRZOLA_1612945547.jpg]
[mado.az/menu/yeni/Quzu-tike-kabab-536ce56.html]
[mado.az/pics/259/259/product/536/QUZU_TK_KABAB_1612961323.jpg]
[mado.az/menu/yenice56.html]
[mado.az/menu/yeni8c7d.html]
[mado.az/menu/meals/Mado-Klassik-Seher-Yemeyi-5ce56.html]
[mado.az/menu/meals/Isti-Seher-Yemeyi-7ce56.html]
[mado.az/menu/meals/Ingilis-Seher-Yemeyi-8ce56.html]
[mado.az/menu/meals/Suretli-Seher-Yemeyi-9ce56.html]
[mado.az/menu/meals/Enenevi-Kend-Seher-Yemeyi-Sucuqlu-Yumurta-ile-12ce56.html]
[mado.az/menu/meals/Enenevi-Kend-Seher-Yemeyi-Menemen-ile-13ce56.html]
[mado.az/menu/meals/Milli-Seher-Yemeyi-15ce56.html]
[mado.az/menu/meals/Ag-pendir-16ce56.html]
[mado.az/menu/meals/Siqara-boreyi-47ce56.html]
[mado.az/menu/meals/Steyk-Salat-48ce56.html]
[mado.az/menu/meals/Qizardilmish-hellim-pendiri-49ce56.html]
[mado.az/menu/meals/Kashar-Pendirli-50ce56.html]
[mado.az/menu/meals/Tavada-Sucuqlu-Yumurta-51ce56.html]
[mado.az/menu/meals/Kashar-Pendirli-Menemen-53ce56.html]
[mado.az/menu/meals/Pomidor-xiyar-salati-54ce56.html]
[mado.az/menu/meals/Sucuqlu-Menemen-57ce56.html]
[mado.az/menu/meals/Pomidor-Yumurta-59ce56.html]
[mado.az/menu/meals/Ag-Pendirli-Omlet-60ce56.html]
[mado.az/menu/meals/Tavada-Yumurta-61ce56.html]
[mado.az/menu/meals/Horgu-pendiri-62ce56.html]
[mado.az/menu/meals/Qarishiq-Omlet-63ce56.html]
[mado.az/menu/meals/Kashar-pendiri-65ce56.html]
[mado.az/menu/meals/Keci-pendiri-66ce56.html]
[mado.az/menu/meals/Qara-zeytun-67ce56.html]
[mado.az/menu/meals/yashil-zeytun-68ce56.html]
[mado.az/menu/meals/Menemen-69ce56.html]
[mado.az/menu/meals/Kere-yagi-72ce56.html]
[mado.az/menu/meals/Qaymaq-73ce56.html]
[mado.az/menu/meals/Bal-74ce56.html]
[mado.az/menu/meals/Toyuq-Salati-77ce56.html]
[mado.az/menu/mealsce56.html]
[mado.az/menu/meals8c7d.html]
[mado.az/menu/sweetsa696.html]
[mado.az/menu/sweets5952.html]
[mado.az/menu/sweets/Havuc-Dilim-Paxlava-130ce56.html]
[mado.az/pics/259/259/product/130/Havu_dilim_paxlava_1673434321.jpg]
[mado.az/menu/sweets/Karamelli-Tort-150ce56.html]
[mado.az/pics/259/259/product/150/Karamelli_tort_1671714821.jpg]
[mado.az/menu/sweets/Limonlu-Cizkeyk-152ce56.html]
[mado.az/pics/259/259/product/152/Limonlu_izkeyk_1673510582.jpg]
[mado.az/menu/sweets/Tiramisu-Saviordi-154ce56.html]
[mado.az/pics/259/259/product/154/Tiramisu_Saviordi_1577093044.jpg]
[mado.az/menu/sweets/Balli-Tort-155ce56.html]
[mado.az/pics/259/259/product/155/ball_1577092257.jpg]
[mado.az/menu/sweets/Shokoladli-Tort-158ce56.html]
[mado.az/pics/259/259/product/158/okoladl_tort_1672408248.jpg]
[mado.az/menu/sweets/Bananli-Shokoladli-Tort-159ce56.html]
[mado.az/pics/259/259/product/159/Bananl_okoladl_tort_1672408228.jpg]
[mado.az/menu/sweets/Shokoladli-Truffel-160ce56.html]
[mado.az/pics/259/259/product/160/OKOLADLI_TRUFFEL_1633939483.jpg]
[mado.az/menu/sweets/Balli-Katmer-161ce56.html]
[mado.az/pics/259/259/product/161/ball_katmer_1577094293.jpg]
[mado.az/menu/sweets/Fistiqli-Qaymaqli-Burma-Kadayif-162ce56.html]
[mado.az/pics/259/259/product/162/fstql_qaymaql_burma_kadayf_1577094547.jpg]
[mado.az/menu/sweets/Pendirli-Burma-Kadayif-163ce56.html]
[mado.az/pics/259/259/product/163/pendirli_burma_kadayf_1577094656.jpg]
[mado.az/menu/sweets/Pendirli-Kunefe-164ce56.html]
[mado.az/pics/259/259/product/164/pendirli_knefe_1577094716.jpg]
[mado.az/menu/sweets/Fistiqli-Qaymaqli-Kunefe-165ce56.html]
[mado.az/pics/259/259/product/165/fstql-qaymaql-knf-2_1580661995.jpg]
[mado.az/menu/sweets/Coco-170ce56.html]
[mado.az/pics/259/259/product/170/coco_2_1577129487.jpg]
[mado.az/menu/sweets/Rafaello-171ce56.html]
[mado.az/pics/259/259/product/171/rafello_1577130056.jpg]
[mado.az/menu/sweets/Almali-Darcinli-Qurabiye-172ce56.html]
[mado.az/pics/259/259/product/172/almal_darnl_1577129025.jpg]
[mado.az/menu/sweets/Acibadem-173ce56.html]
[mado.az/pics/259/259/product/173/ac_badem_1577128612.jpg]
[mado.az/menu/sweets/Shamaxi-Mutekkesi-176ce56.html]
[mado.az/pics/259/259/product/176/amax_mtkksi_1_1577130101.jpg]
[mado.az/menu/sweets/Shokoladli-Tartalet-177ce56.html]
[mado.az/pics/259/259/product/177/tartalet_okaladl_1577130233.jpg]
[mado.az/menu/sweets/Profiterol-185ce56.html]
[mado.az/pics/259/259/product/185/protiferol_1577112978.jpg]
[mado.az/menu/sweets/Shokoladli-Sufle-202ce56.html]
[mado.az/pics/259/259/product/202/okaladl_suffle_1577114749.jpg]
[mado.az/menu/sweets/Islaq-Keks-204ce56.html]
[mado.az/pics/259/259/product/204/islak_kek_1577114441.jpg]
[mado.az/menu/sweets/Snikersli-Brownie-205ce56.html]
[mado.az/pics/259/259/product/205/SNKERSL_BROWNIE_1633939816.jpg]
[mado.az/menu/sweets/Makaron-240ce56.html]
[mado.az/pics/259/259/product/240/makaron_1577129681.jpg]
[mado.az/menu/sweets/Kicik-Ekler-242ce56.html]
[mado.az/pics/259/259/product/242/a_okaladl_ekler_1577128926.jpg]
[mado.az/menu/sweets/Firin-Sutlac-319ce56.html]
[mado.az/pics/259/259/product/319/frn_stla_1577040078.jpg]
[mado.az/menu/sweets/Baharatli-Xoncha-331ce56.html]
[mado.az/pics/259/259/product/331/baharatl_xona_1578606339.jpg]
[mado.az/menu/sweets/Mado-Bukme-Waffle-Bananli-ve-Chiyelekli-426ce56.html]
[mado.az/pics/259/259/product/426/35._MADO_Bkm_Waffle_1579350777.jpg]
[mado.az/menu/sweets/Tiramisu-434ce56.html]
[mado.az/pics/259/259/product/434/Tiramisu_tort_1673434610.jpg]
[mado.az/menu/sweets/Vulkan-Desert-437ce56.html]
[mado.az/pics/259/259/product/437/44_Vulkan_Desert_1579352682.jpg]
[mado.az/menu/sweetsce56.html]
[mado.az/menu/sweets8c7d.html]
[mado.az/menu/ice-creama696.html]
[mado.az/menu/ice-cream5952.html]
[mado.az/menu/ice-cream/Marash-Dondurmali-Havuc-Dilim-192ce56.html]
[mado.az/pics/259/259/product/192/mara_dondurmal_havu_dilim_1577113636.jpg]
[mado.az/menu/ice-cream/Uclu-Dondurma-196ce56.html]
[mado.az/pics/259/259/product/196/l_dondurma_1577114820.jpg]
[mado.az/menu/ice-cream/Sunday-Mood-198ce56.html]
[mado.az/pics/259/259/product/198/Sunday_mood_1673434047.jpg]
[mado.az/menu/ice-cream/Dondurmali-Irmik-Halvasi-200ce56.html]
[mado.az/pics/259/259/product/200/dondurmal_irmk_halvas_1577114408.jpg]
[mado.az/menu/ice-cream/Brownie-ile-Dondurma-206ce56.html]
[mado.az/pics/259/259/product/206/Brauni_dondurma_il_1671706808.jpg]
[mado.az/menu/ice-cream/Ciyelek-Split-210ce56.html]
[mado.az/pics/259/259/product/210/iylk_split_1577115454.jpg]
[mado.az/menu/ice-cream/Banan-Split-212ce56.html]
[mado.az/pics/259/259/product/212/bananl_split_1577115400.jpg]
[mado.az/menu/ice-cream/Fondue-236ce56.html]
[mado.az/pics/259/259/product/236/fondue_1577114084.jpg]
[mado.az/menu/ice-cream/Ice-Cream-Boom-496ce56.html]
[mado.az/menu/ice-cream/Qizardilmish-Dondurma-497ce56.html]
[mado.az/menu/ice-creamce56.html]
[mado.az/menu/bakerya696.html]
[mado.az/menu/bakery5952.html]
[mado.az/menu/bakery/Chudu-335ce56.html]
[mado.az/pics/259/259/product/335/udu_1578685920.jpg]
[mado.az/menu/bakery/dereotlu-pogacha-336ce56.html]
[mado.az/pics/259/259/product/336/Drotlu_poaa_1580404886.jpg]
[mado.az/menu/bakery/Kartoflu-pogacha-337ce56.html]
[mado.az/pics/259/259/product/337/Kartoflu_poaa_1580404862.jpg]
[mado.az/menu/bakery/zeytunlu-pogacha-338ce56.html]
[mado.az/pics/259/259/product/338/Zeytunlu_poaa_1578686158.jpg]
[mado.az/menu/bakery/qiymeli-pogacha-339ce56.html]
[mado.az/pics/259/259/product/339/Qiymli_poaa_1578686215.jpg]
[mado.az/menu/bakery/pendirli-pogacha-340ce56.html]
[mado.az/pics/259/259/product/340/Pendirli_poaa_1578686284.jpg]
[mado.az/menu/bakery/Simit-341ce56.html]
[mado.az/pics/259/259/product/341/simit_1578686366.jpg]
[mado.az/menu/bakery/Pogacha-343ce56.html]
[mado.az/pics/259/259/product/343/Poaa_1578686473.jpg]
[mado.az/menu/bakery/zeytunlu-achma-344ce56.html]
[mado.az/pics/259/259/product/344/Zeytunlu_ama_1578686523.jpg]
[mado.az/menu/bakery/Achma-345ce56.html]
[mado.az/pics/259/259/product/345/Sad_ama_1578686591.jpg]
[mado.az/menu/bakery/Pendirli-achma-346ce56.html]
[mado.az/pics/259/259/product/346/Pendirli_ama_1578686644.jpg]
[mado.az/menu/bakery/shokoladli-fransiz-bulkasi-347ce56.html]
[mado.az/pics/259/259/product/347/okoladl_Fransz_Bulkas_1578686702.jpg]
[mado.az/menu/bakery/nutellali-kurasan-348ce56.html]
[mado.az/pics/259/259/product/348/Nutellal_Kruasan_1578686931.jpg]
[mado.az/menu/bakery/shokoladli-kurasan-350ce56.html]
[mado.az/pics/259/259/product/350/okoladl_Kruasan_1578687110.jpg]
[mado.az/menu/bakery/kruasan-351ce56.html]
[mado.az/pics/259/259/product/351/Sad_Kruasan_1578687179.jpg]
[mado.az/menu/bakery/marash-pendirli-su-boreyi-361ce56.html]
[mado.az/pics/259/259/product/361/marash-pendirli-su-borek_1578689291.jpg]
[mado.az/menu/bakery/Kartoflu-koy-boreyi-471ce56.html]
[mado.az/menu/bakery/Ispanaqli-Koy-Boreyi-472ce56.html]
[mado.az/menu/bakeryce56.html]
[mado.az/menu/biznes-lancha696.html]
[mado.az/menu/biznes-lanch5952.html]
[mado.az/menu/biznes-lanch/Bazar-ertesi-bizes-lanc-689ce56.html]
[mado.az/pics/259/259/product/689/1_1677142202.jpg]
[mado.az/menu/biznes-lanch/Business-lunch-cershenbe-axshami-690ce56.html]
[mado.az/pics/259/259/product/690/2_1677143166.jpg]
[mado.az/menu/biznes-lanch/Business-lunch-cershenbe-691ce56.html]
[mado.az/pics/259/259/product/691/3_1677143774.jpg]
[mado.az/menu/biznes-lanch/Business-lunch-cume-axshami-692ce56.html]
[mado.az/pics/259/259/product/692/4_1677144198.jpg]
[mado.az/menu/biznes-lanch/Business-lunch-cume-693ce56.html]
[mado.az/pics/259/259/product/693/5_1677144313.jpg]
[mado.az/menu/biznes-lanchce56.html]
[mado.az/menu/drinksa696.html]
[mado.az/menu/drinks5952.html]
[mado.az/menu/drinks/Ciyelekli-milksheyk-244ce56.html]
[mado.az/pics/259/259/product/244/iylkli-Milkeyk-2_1580661410.jpg]
[mado.az/menu/drinks/Bananli-Milksheyk-245ce56.html]
[mado.az/pics/259/259/product/245/Bananl_milkeyk_1672149095.jpg]
[mado.az/menu/drinks/Vanilli-Milksheyk-251ce56.html]
[mado.az/pics/259/259/product/251/milkshake-vanil_1577115229.jpg]
[mado.az/menu/drinks/Ciyelekli-buzlu-mix-255ce56.html]
[mado.az/pics/259/259/product/255/iylkli-Buzlu-Mix-2_1580661586.jpg]
[mado.az/menu/drinks/Moruqlu-buzlu-mix-256ce56.html]
[mado.az/pics/259/259/product/256/Moruqlu-Buzlu-Mix-2_1580661642.jpg]
[mado.az/menu/drinks/Portagalli-buzlu-mix-257ce56.html]
[mado.az/pics/259/259/product/257/Portaall-Buzlu-Mix-2_1580661698.jpg]
[mado.az/menu/drinks/Portagal-ve-Alma-Shiresi-258ce56.html]
[mado.az/pics/259/259/product/258/sok_1578600415.jpg]
[mado.az/menu/drinks/Alma-Shiresi-259ce56.html]
[mado.az/pics/259/259/product/259/sok_1578600390.jpg]
[mado.az/menu/drinks/Qreypfrut-Shiresi-260ce56.html]
[mado.az/pics/259/259/product/260/sok_1578600351.jpg]
[mado.az/menu/drinks/Portagal-Shiresi-261ce56.html]
[mado.az/pics/259/259/product/261/sok_1578600306.jpg]
[mado.az/menu/drinks/Portagal-ve-Qreypfrut-Shiresi-262ce56.html]
[mado.az/pics/259/259/product/262/sok_1578600277.jpg]
[mado.az/menu/drinks/Turk-Qehvesi-277ce56.html]
[mado.az/pics/259/259/product/277/turkish-cofee_1577131789.jpg]
[mado.az/menu/drinks/Cappuccino-278ce56.html]
[mado.az/pics/259/259/product/278/kofe-1_1577131731.jpg]
[mado.az/menu/drinks/Espresso-279ce56.html]
[mado.az/pics/259/259/product/279/kofe-4_1577131692.jpg]
[mado.az/menu/drinks/Double-Espresso-280ce56.html]
[mado.az/pics/259/259/product/280/kofe-3_1577131615.jpg]
[mado.az/menu/drinks/Americano-281ce56.html]
[mado.az/pics/259/259/product/281/Amerikano_1672149133.jpg]
[mado.az/menu/drinks/Seven-Up-282ce56.html]
[mado.az/menu/drinks/Mirinda-283ce56.html]
[mado.az/pics/259/259/product/283/Mirinda_1672149309.jpg]
[mado.az/menu/drinks/Pepsi-Black-284ce56.html]
[mado.az/pics/259/259/product/284/Pepsi_black_1672149368.jpg]
[mado.az/menu/drinks/Su-286ce56.html]
[mado.az/menu/drinks/Lipton-Ice-Tea-288ce56.html]
[mado.az/pics/259/259/product/288/Lipton_1672151632.jpg]
[mado.az/menu/drinks/Soda-289ce56.html]
[mado.az/pics/259/259/product/289/Soda_sad_1672151671.jpg]
[mado.az/menu/drinks/Su-qazli-290ce56.html]
[mado.az/menu/drinks/Ayran-291ce56.html]
[mado.az/pics/259/259/product/291/Nanli_ayran_1672149182.jpg]
[mado.az/menu/drinks/Pepsi-292ce56.html]
[mado.az/pics/259/259/product/292/Pepsi_1672149331.jpg]
[mado.az/menu/drinks/Yasemen-Celengi-Chay-293ce56.html]
[mado.az/pics/259/259/product/293/Jasmin_lngi_ay_1671705008.jpg]
[mado.az/menu/drinks/Mado-Tropicano-Chay-294ce56.html]
[mado.az/pics/259/259/product/294/MADO_tropicano_ay_1671704983.jpg]
[mado.az/menu/drinks/Mado-Earl-Grey-Chay-295ce56.html]
[mado.az/pics/259/259/product/295/MADO_earl_grey_ay_1671704962.jpg]
[mado.az/menu/drinks/Nane-Cayi-297ce56.html]
[mado.az/pics/259/259/product/297/Nanli_ay_1671704908.jpg]
[mado.az/menu/drinks/Azerbaycan-Cayi-Keklikotu-Ile-301ce56.html]
[mado.az/pics/259/259/product/301/Azrbaycan_ay_kklikotu_il_1577042169.jpg]
[mado.az/menu/drinks8c7d.html]
[mado.az/menu/drinksce56.html]
[mado.az/menu/mangal-menua696.html]
[mado.az/menu/mangal-menu5952.html]
[mado.az/menu/mangal-menuce56.html]
[mado.az/menu/meals/js/jquery-3.3.1.min1bce.js]
[mado.az/menu/meals/Mado-Klassik-Seher-Yemeyi-5aae5.html]
[mado.az/menu/meals/Mado-Klassik-Seher-Yemeyi-5060f.html]
[mado.az/uploads/product/5/mado-kalssik-seher-yemeyi_1574007804.jpg]
[mado.az/pics/580/580/product/5/mado-kalssik-seher-yemeyi_1574007804.jpg]
[mado.az/pics/81/81/product/5/mado-kalssik-seher-yemeyi_1574007804.jpg]
[mado.az/menu/meals/Sezar-Pizza-124.html]
[mado.az/pics/259/259/product/124/sezar-pizza_1577089737.jpg]
[mado.az/menu/meals/Kasediya-Toyuq-Ile-405.html]
[mado.az/pics/259/259/product/405/18._Kesadiya_Toyuq_il_1579274563.jpg]
[mado.az/menu/meals/Mado-Klassik-Seher-Yemeyi-5.html]
[mado.az/menu/meals/Isti-Seher-Yemeyi-7aae5.html]
[mado.az/menu/meals/Isti-Seher-Yemeyi-7060f.html]
[mado.az/uploads/product/7/isti-shr-yemyi_1574007167.jpg]
[mado.az/pics/580/580/product/7/isti-shr-yemyi_1574007167.jpg]
[mado.az/pics/81/81/product/7/isti-shr-yemyi_1574007167.jpg]
[mado.az/menu/meals/Dana-Lokum-422.html]
[mado.az/pics/259/259/product/422/33._Dana_Lokum_1579348805.jpg]
[mado.az/menu/meals/Tava-Kababi-419.html]
[mado.az/pics/259/259/product/419/30._Tava_Kabab_1579348366.jpg]
[mado.az/menu/meals/Dietik-Terevez-Salati-481.html]
[mado.az/menu/meals/Isti-Seher-Yemeyi-7.html]
[mado.az/menu/meals/Ingilis-Seher-Yemeyi-8aae5.html]
[mado.az/menu/meals/Ingilis-Seher-Yemeyi-8060f.html]
[mado.az/uploads/product/8/ingilis-seher-yemeyi_1574066204.jpg]
[mado.az/pics/580/580/product/8/ingilis-seher-yemeyi_1574066204.jpg]
[mado.az/pics/81/81/product/8/ingilis-seher-yemeyi_1574066204.jpg]
[mado.az/menu/meals/Kashar-Pendirli-Gozleme-114.html]
[mado.az/pics/259/259/product/114/gzlmlr_-_kaar_pendirli_1577089390.jpg]
[mado.az/menu/meals/Souslu-Kofte-99.html]
[mado.az/pics/259/259/product/99/sirdaq-dana-eti_1577039205.jpg]
[mado.az/menu/meals/Fisincan-Plov-95.html]
[mado.az/pics/259/259/product/95/fisincan-plov_1577038842.jpg]
[mado.az/menu/meals/Ingilis-Seher-Yemeyi-8.html]
[mado.az/menu/meals/Suretli-Seher-Yemeyi-9aae5.html]
[mado.az/menu/meals/Suretli-Seher-Yemeyi-9060f.html]
[mado.az/uploads/product/9/srtli_shr_yemyi_1663140482.jpg]
[mado.az/pics/580/580/product/9/srtli_shr_yemyi_1663140482.jpg]
[mado.az/pics/81/81/product/9/srtli_shr_yemyi_1663140482.jpg]
[mado.az/menu/meals/Pideli-Findiqli-Kofte-423.html]
[mado.az/pics/259/259/product/423/34._Pideli_Fndq_Kft_1579348901.jpg]
[mado.az/menu/meals/Etli-Fajitas-101.html]
[mado.az/pics/259/259/product/101/TL_FAJTAS_1626959007.jpg]
[mado.az/menu/meals/Suretli-Seher-Yemeyi-9.html]
[mado.az/menu/meals/Enenevi-Kend-Seher-Yemeyi-Sucuqlu-Yumurta-ile-12aae5.html]
[mado.az/menu/meals/Enenevi-Kend-Seher-Yemeyi-Sucuqlu-Yumurta-ile-12060f.html]
[mado.az/uploads/product/12/enenevi-kend-seher-yemeyi-1_1574066460.jpg]
[mado.az/pics/580/580/product/12/enenevi-kend-seher-yemeyi-1_1574066460.jpg]
[mado.az/uploads/product/12/enenevi-kend-seher-yemeyi-2_1574066460.jpg]
[mado.az/pics/580/580/product/12/enenevi-kend-seher-yemeyi-2_1574066460.jpg]
[mado.az/uploads/product/12/enenevi-kend-seher-yemeyi-3_1574066460.jpg]
[mado.az/pics/580/580/product/12/enenevi-kend-seher-yemeyi-3_1574066460.jpg]
[mado.az/pics/81/81/product/12/enenevi-kend-seher-yemeyi-1_1574066460.jpg]
[mado.az/pics/81/81/product/12/enenevi-kend-seher-yemeyi-2_1574066460.jpg]
[mado.az/pics/81/81/product/12/enenevi-kend-seher-yemeyi-3_1574066460.jpg]
[mado.az/menu/meals/Kahraman-Marash-Yogurtlu-Kabab-86.html]
[mado.az/pics/259/259/product/86/yoqurtlu-kebap_1577038263.jpg]
[mado.az/menu/meals/Toyuq-Qara-Tava-92.html]
[mado.az/pics/259/259/product/92/toyuq-qara-tava_1577091464.jpg]
[mado.az/menu/meals/Enenevi-Kend-Seher-Yemeyi-Sucuqlu-Yumurta-ile-12.html]
[mado.az/menu/meals/Enenevi-Kend-Seher-Yemeyi-Menemen-ile-13aae5.html]
[mado.az/menu/meals/Enenevi-Kend-Seher-Yemeyi-Menemen-ile-13060f.html]
[mado.az/uploads/product/13/enenevi-kend-seher-yemeyi-3_1574066481.jpg]
[mado.az/pics/580/580/product/13/enenevi-kend-seher-yemeyi-3_1574066481.jpg]
[mado.az/uploads/product/13/menemen2_1577037784.jpg]
[mado.az/pics/580/580/product/13/menemen2_1577037784.jpg]
[mado.az/pics/81/81/product/13/enenevi-kend-seher-yemeyi-3_1574066481.jpg]
[mado.az/pics/81/81/product/13/menemen2_1577037784.jpg]
[mado.az/menu/meals/Sezar-Salati-79.html]
[mado.az/pics/259/259/product/79/Sezar_salat_1672408339.jpg]
[mado.az/menu/meals/Enenevi-Kend-Seher-Yemeyi-Menemen-ile-13.html]
[mado.az/menu/meals/Milli-Seher-Yemeyi-15aae5.html]
[mado.az/menu/meals/Milli-Seher-Yemeyi-15060f.html]
[mado.az/uploads/product/15/milli-seher-yemeyi_1574007994.jpg]
[mado.az/pics/580/580/product/15/milli-seher-yemeyi_1574007994.jpg]
[mado.az/pics/81/81/product/15/milli-seher-yemeyi_1574007994.jpg]
[mado.az/menu/meals/Toyuq-pide-616.html]
[mado.az/pics/259/259/product/616/Toyuq_Pide_1_1662729400.jpg]
[mado.az/menu/meals/Mado-Special-Pizza-122.html]
[mado.az/pics/259/259/product/122/mado-special-pizza_1577089917.jpg]
[mado.az/menu/meals/Terevezli-Can-Eti-Bukmesi-87.html]
[mado.az/pics/259/259/product/87/TRVZL_CAN_T_BKMS_1633959018.jpg]
[mado.az/menu/meals/Milli-Seher-Yemeyi-15.html]
[mado.az/menu/meals/Ag-pendir-16aae5.html]
[mado.az/menu/meals/Ag-pendir-16060f.html]
[mado.az/uploads/product/16/a_pendir_1577029294.jpg]
[mado.az/pics/580/580/product/16/a_pendir_1577029294.jpg]
[mado.az/pics/81/81/product/16/a_pendir_1577029294.jpg]
[mado.az/menu/meals/Qarishiq-Tost-110.html]
[mado.az/pics/259/259/product/110/Qarq-Tost-2_1580661291.jpg]
[mado.az/menu/meals/Adana-kabab-acili-611.html]
[mado.az/pics/259/259/product/611/Adana_kabab_1662728739.jpg]
[mado.az/menu/meals/Ag-pendir-16.html]
[mado.az/menu/meals/Siqara-boreyi-47aae5.html]
[mado.az/menu/meals/Siqara-boreyi-47060f.html]
[mado.az/uploads/product/47/siqara_breyi_1577029363.jpg]
[mado.az/pics/580/580/product/47/siqara_breyi_1577029363.jpg]
[mado.az/pics/81/81/product/47/siqara_breyi_1577029363.jpg]
[mado.az/menu/meals/Toyuq-Izqara-Kabab-413.html]
[mado.az/pics/259/259/product/413/25._Toyuq_zqara_Kabab_1579347068.jpg]
[mado.az/menu/meals/Toyuq-Kroket-126.html]
[mado.az/pics/259/259/product/126/Toyuq_kroket_1671715534.jpg]
[mado.az/menu/meals/Siqara-boreyi-47.html]
[mado.az/menu/meals/Steyk-Salat-48aae5.html]
[mado.az/menu/meals/Steyk-Salat-48060f.html]
[mado.az/uploads/product/48/Steyk_salat_1672408405.jpg]
[mado.az/pics/580/580/product/48/Steyk_salat_1672408405.jpg]
[mado.az/pics/81/81/product/48/Steyk_salat_1672408405.jpg]
[mado.az/menu/meals/Etli-Pendirli-Gozleme-118.html]
[mado.az/pics/259/259/product/118/gzlmlr_-_tli_1577089358.jpg]
[mado.az/menu/meals/Burito-Et-402.html]
[mado.az/pics/259/259/product/402/15._Buritto_t_il_16._Buritto_toyuq_il_1579273819.jpg]
[mado.az/menu/meals/Toyuq-Ruleti-94.html]
[mado.az/pics/259/259/product/94/TOYUQ_RULET_1633959101.jpg]
[mado.az/menu/meals/Steyk-Salat-48.html]
[mado.az/menu/meals/Qizardilmish-hellim-pendiri-49aae5.html]
[mado.az/menu/meals/Qizardilmish-hellim-pendiri-49060f.html]
[mado.az/uploads/product/49/qzardlm_helim_pendiri_1577029398.jpg]
[mado.az/pics/580/580/product/49/qzardlm_helim_pendiri_1577029398.jpg]
[mado.az/pics/81/81/product/49/qzardlm_helim_pendiri_1577029398.jpg]
[mado.az/menu/meals/Et-Kofte-Chorekde-404.html]
[mado.az/pics/259/259/product/404/17._t_Kft_haval_rkd_1579274461.jpg]
[mado.az/menu/meals/Qizardilmish-hellim-pendiri-49.html]
[mado.az/menu/meals/Kashar-Pendirli-50aae5.html]
[mado.az/menu/meals/Kashar-Pendirli-50060f.html]
[mado.az/uploads/product/50/Kaar-Pendirli-Omlet-2_1580661890.jpg]
[mado.az/pics/580/580/product/50/Kaar-Pendirli-Omlet-2_1580661890.jpg]
[mado.az/pics/81/81/product/50/Kaar-Pendirli-Omlet-2_1580661890.jpg]
[mado.az/menu/meals/Qarishiq-Kofte-421.html]
[mado.az/pics/259/259/product/421/32._Qarq_Kfte_1579348698.jpg]
[mado.az/menu/meals/Kashar-Pendirli-50.html]
[mado.az/menu/meals/Tavada-Sucuqlu-Yumurta-51aae5.html]
[mado.az/menu/meals/Tavada-Sucuqlu-Yumurta-51060f.html]
[mado.az/uploads/product/51/dordlu-seher-yemeyi-2_1577029757.jpg]
[mado.az/pics/580/580/product/51/dordlu-seher-yemeyi-2_1577029757.jpg]
[mado.az/pics/81/81/product/51/dordlu-seher-yemeyi-2_1577029757.jpg]
[mado.az/menu/meals/Qarishiq-Pizza-123.html]
[mado.az/pics/259/259/product/123/qarishiq-pizza_1577089839.jpg]
[mado.az/menu/meals/Quzu-Qovurma-93.html]
[mado.az/pics/259/259/product/93/et-fajitas_1577039034.jpg]
[mado.az/menu/meals/Burito-Toyuq-403.html]
[mado.az/pics/259/259/product/403/15._Buritto_t_il_16._Buritto_toyuq_il_1579273819.jpg]
[mado.az/menu/meals/Mini-Dordlu-Qara-Burger-410.html]
[mado.az/pics/259/259/product/410/22._Mini_Drdl_Qara_Burger_1579275417.jpg]
[mado.az/menu/meals/Tavada-Sucuqlu-Yumurta-51.html]
[mado.az/menu/meals/Kashar-Pendirli-Menemen-53aae5.html]
[mado.az/menu/meals/Kashar-Pendirli-Menemen-53060f.html]
[mado.az/uploads/product/53/menemen_Kaar_Pendirli_1577036932.jpg]
[mado.az/pics/580/580/product/53/menemen_Kaar_Pendirli_1577036932.jpg]
[mado.az/pics/81/81/product/53/menemen_Kaar_Pendirli_1577036932.jpg]
[mado.az/menu/meals/Penne-Arabiatta-330.html]
[mado.az/pics/259/259/product/330/Penne_arrabbiata_1672408083.jpg]
[mado.az/menu/meals/Et-Cop-Shish-102.html]
[mado.az/pics/259/259/product/102/chop-shish_1577038088.jpg]
[mado.az/menu/meals/Mado-Ozel-Burger-411.html]
[mado.az/pics/259/259/product/411/23._MADO_zl_Burger_1579275521.jpg]
[mado.az/menu/meals/Kashar-Pendirli-Menemen-53.html]
[mado.az/menu/meals/Pomidor-xiyar-salati-54aae5.html]
[mado.az/menu/meals/Pomidor-xiyar-salati-54060f.html]
[mado.az/uploads/product/54/pomidor-xiyar_salat_1577030009.jpg]
[mado.az/pics/580/580/product/54/pomidor-xiyar_salat_1577030009.jpg]
[mado.az/pics/81/81/product/54/pomidor-xiyar_salat_1577030009.jpg]
[mado.az/menu/meals/Pendirli-lahmacun-618.html]
[mado.az/pics/259/259/product/618/Pendirli_Lahmacun_1662730562.jpg]
[mado.az/menu/meals/Coban-Salati-78.html]
[mado.az/pics/259/259/product/78/oban_salat_1672408357.jpg]
[mado.az/menu/meals/Pomidor-xiyar-salati-54.html]
[mado.az/menu/meals/Sucuqlu-Menemen-57aae5.html]
[mado.az/menu/meals/Sucuqlu-Menemen-57060f.html]
[mado.az/uploads/product/57/menemen_sucuklu_1577036983.jpg]
[mado.az/pics/580/580/product/57/menemen_sucuklu_1577036983.jpg]
[mado.az/pics/81/81/product/57/menemen_sucuklu_1577036983.jpg]
[mado.az/menu/meals/Sebzeli-Plov-96.html]
[mado.az/pics/259/259/product/96/sebzeli-plov_1577038948.jpg]
[mado.az/menu/meals/Sucuqlu-Menemen-57.html]
[mado.az/menu/meals/Pomidor-Yumurta-59aae5.html]
[mado.az/menu/meals/Pomidor-Yumurta-59060f.html]
[mado.az/uploads/product/59/pomidor-yumurta_1577030806.jpg]
[mado.az/pics/580/580/product/59/pomidor-yumurta_1577030806.jpg]
[mado.az/pics/81/81/product/59/pomidor-yumurta_1577030806.jpg]
[mado.az/menu/meals/Spaghetti-Bolognese-329.html]
[mado.az/pics/259/259/product/329/Spaghetti_bolognese_1672408104.jpg]
[mado.az/menu/meals/Quzu-tepsi-kakab-607.html]
[mado.az/pics/259/259/product/607/Quzu_Tepsi_Kabab_1662710773.jpg]
[mado.az/menu/meals/Pomidor-Yumurta-59.html]
[mado.az/menu/meals/Ag-Pendirli-Omlet-60aae5.html]
[mado.az/menu/meals/Ag-Pendirli-Omlet-60060f.html]
[mado.az/uploads/product/60/A_Pendirli_Omlet_1577036760.jpg]
[mado.az/pics/580/580/product/60/A_Pendirli_Omlet_1577036760.jpg]
[mado.az/pics/81/81/product/60/A_Pendirli_Omlet_1577036760.jpg]
[mado.az/menu/meals/Toyuq-Tepsi-Kabab-608.html]
[mado.az/pics/259/259/product/608/Toyuq_Tepsi_Kabab_1662723369.jpg]
[mado.az/menu/meals/Ag-Pendirli-Omlet-60.html]
[mado.az/menu/meals/Tavada-Yumurta-61aae5.html]
[mado.az/menu/meals/Tavada-Yumurta-61060f.html]
[mado.az/uploads/product/61/tavada-yumurta_1577037310.jpg]
[mado.az/pics/580/580/product/61/tavada-yumurta_1577037310.jpg]
[mado.az/pics/81/81/product/61/tavada-yumurta_1577037310.jpg]
[mado.az/menu/meals/Mozzarella-Fingers-400.html]
[mado.az/pics/259/259/product/400/Mozzarella_fingers_set_1671703519.jpg]
[mado.az/menu/meals/Neapolitan-Souslu-Findiq-Kofte-84.html]
[mado.az/pics/259/259/product/84/neopolitan_1577038052.jpg]
[mado.az/menu/meals/Toyuq-Sendvic-103.html]
[mado.az/pics/259/259/product/103/sendvi_-_toyuqlu_1577090184.jpg]
[mado.az/menu/meals/Tavada-Yumurta-61.html]
[mado.az/menu/meals/Horgu-pendiri-62aae5.html]
[mado.az/menu/meals/Horgu-pendiri-62060f.html]
[mado.az/uploads/product/62/hrg_pendiri_1577031206.jpg]
[mado.az/pics/580/580/product/62/hrg_pendiri_1577031206.jpg]
[mado.az/pics/81/81/product/62/hrg_pendiri_1577031206.jpg]
[mado.az/menu/meals/Kasediya-Et-ile-407.html]
[mado.az/pics/259/259/product/407/19._Burger_Kesadiya_1579274797.jpg]
[mado.az/menu/meals/Can-eti-bukme-acili-613.html]
[mado.az/pics/259/259/product/613/Can_ti_Bkm_Kabab_Acl_1662728494.jpg]
[mado.az/menu/meals/Horgu-pendiri-62.html]
[mado.az/menu/meals/Qarishiq-Omlet-63aae5.html]
[mado.az/menu/meals/Qarishiq-Omlet-63060f.html]
[mado.az/uploads/product/63/Qarq_omlet_1577036884.jpg]
[mado.az/pics/580/580/product/63/Qarq_omlet_1577036884.jpg]
[mado.az/pics/81/81/product/63/Qarq_omlet_1577036884.jpg]
[mado.az/menu/meals/Qarishiq-Omlet-63.html]
[mado.az/menu/meals/Kashar-pendiri-65aae5.html]
[mado.az/menu/meals/Kashar-pendiri-65060f.html]
[mado.az/uploads/product/65/Kaa_pendiri_1577031330.jpg]
[mado.az/pics/580/580/product/65/Kaa_pendiri_1577031330.jpg]
[mado.az/uploads/product/65/kaar_pendiri_1577031330.jpg]
[mado.az/pics/580/580/product/65/kaar_pendiri_1577031330.jpg]
[mado.az/pics/81/81/product/65/Kaa_pendiri_1577031330.jpg]
[mado.az/pics/81/81/product/65/kaar_pendiri_1577031330.jpg]
[mado.az/menu/meals/Taco-Krivetka-ile-116.html]
[mado.az/pics/259/259/product/116/krivetka_taco_1577090945.jpg]
[mado.az/menu/meals/Kashar-pendiri-65.html]
[mado.az/menu/meals/Keci-pendiri-66aae5.html]
[mado.az/menu/meals/Keci-pendiri-66060f.html]
[mado.az/uploads/product/66/kei_pendiri_1577031375.jpg]
[mado.az/pics/580/580/product/66/kei_pendiri_1577031375.jpg]
[mado.az/pics/81/81/product/66/kei_pendiri_1577031375.jpg]
[mado.az/menu/meals/BBQ-Souslu-Toyuq-Burger-119.html]
[mado.az/pics/259/259/product/119/toyuq-burger_1577043104.jpg]
[mado.az/menu/meals/Keci-pendiri-66.html]
[mado.az/menu/meals/Qara-zeytun-67aae5.html]
[mado.az/menu/meals/Qara-zeytun-67060f.html]
[mado.az/uploads/product/67/qara_yal_zeytun_1577031406.jpg]
[mado.az/pics/580/580/product/67/qara_yal_zeytun_1577031406.jpg]
[mado.az/pics/81/81/product/67/qara_yal_zeytun_1577031406.jpg]
[mado.az/menu/meals/Qushbashi-pide-615.html]
[mado.az/pics/259/259/product/615/Quba_Pide_2_1662729081.jpg]
[mado.az/menu/meals/Qara-zeytun-67.html]
[mado.az/menu/meals/yashil-zeytun-68aae5.html]
[mado.az/menu/meals/yashil-zeytun-68060f.html]
[mado.az/uploads/product/68/qara_yal_zeytun_1577031463.jpg]
[mado.az/pics/580/580/product/68/qara_yal_zeytun_1577031463.jpg]
[mado.az/pics/81/81/product/68/qara_yal_zeytun_1577031463.jpg]
[mado.az/menu/meals/yashil-zeytun-68.html]
[mado.az/menu/meals/Menemen-69aae5.html]
[mado.az/menu/meals/Menemen-69060f.html]
[mado.az/uploads/product/69/menemen2_1577037065.jpg]
[mado.az/pics/580/580/product/69/menemen2_1577037065.jpg]
[mado.az/pics/81/81/product/69/menemen2_1577037065.jpg]
[mado.az/menu/meals/Pomidor-Shorbasi-81.html]
[mado.az/pics/259/259/product/81/pomidor-shorbasi_1577033197.jpg]
[mado.az/menu/meals/Toyuqlu-Durum-107.html]
[mado.az/pics/259/259/product/107/TOYUQLU_DRM_1626959853.jpg]
[mado.az/menu/meals/Menemen-69.html]
[mado.az/menu/meals/Kere-yagi-72aae5.html]
[mado.az/menu/meals/Kere-yagi-72060f.html]
[mado.az/uploads/product/72/kr_ya_1577031647.jpg]
[mado.az/pics/580/580/product/72/kr_ya_1577031647.jpg]
[mado.az/pics/81/81/product/72/kr_ya_1577031647.jpg]
[mado.az/menu/meals/Sirdaq-Dana-Eti-ile-91.html]
[mado.az/pics/259/259/product/91/SIRDAQ_DANA_T_L_1626951567.jpg]
[mado.az/menu/meals/Kere-yagi-72.html]
[mado.az/menu/meals/Qaymaq-73aae5.html]
[mado.az/menu/meals/Qaymaq-73060f.html]
[mado.az/uploads/product/73/qaymaq_1577029284.jpg]
[mado.az/pics/580/580/product/73/qaymaq_1577029284.jpg]
[mado.az/pics/81/81/product/73/qaymaq_1577029284.jpg]
[mado.az/menu/meals/Ciken-burger-620.html]
[mado.az/pics/259/259/product/620/iken_burger_1662967572.jpg]
[mado.az/menu/meals/Chop-Shish-Kofte-420.html]
[mado.az/pics/259/259/product/420/31._p_i_Kft_1579348473.jpg]
[mado.az/menu/meals/Qaymaq-73.html]
[mado.az/menu/meals/Bal-74aae5.html]
[mado.az/menu/meals/Bal-74060f.html]
[mado.az/uploads/product/74/bal_1577031678.jpg]
[mado.az/pics/580/580/product/74/bal_1577031678.jpg]
[mado.az/pics/81/81/product/74/bal_1577031678.jpg]
[mado.az/menu/meals/Bal-74.html]
[mado.az/menu/meals/Toyuq-Salati-77aae5.html]
[mado.az/menu/meals/Toyuq-Salati-77060f.html]
[mado.az/uploads/product/77/Toyuq_salat_1672408375.jpg]
[mado.az/pics/580/580/product/77/Toyuq_salat_1672408375.jpg]
[mado.az/pics/81/81/product/77/Toyuq_salat_1672408375.jpg]
[mado.az/menu/meals/Quzu-Etli-Nar-Qovurma-89.html]
[mado.az/pics/259/259/product/89/et-nar-qovurma_1577038290.jpg]
[mado.az/menu/meals/Toyuq-Cop-Shish-97.html]
[mado.az/pics/259/259/product/97/toyuq-chop-shish_1577091600.jpg]
[mado.az/menu/meals/Toyuq-Salati-77.html]
[mado.az/menu/meals/Qaymaqli-Gobelek-Shorbasi-80.html]
[mado.az/pics/259/259/product/80/qaymagli-gobelek_1577033024.jpg]
[mado.az/menu/meals/Brokoli-Shorbasi-82.html]
[mado.az/pics/259/259/product/82/brokoli-shorbasi_1577033323.jpg]
[mado.az/menu/meals/Mercimek-Shorbasi-83.html]
[mado.az/pics/259/259/product/83/merci-shorbasi_1577033354.jpg]
[mado.az/menu/meals/Terevezli-Izqara-Toyuq-Kabab-90.html]
[mado.az/pics/259/259/product/90/Trvzli-zqara-Kabab_1577091194.jpg]
[mado.az/menu/meals/Toyuq-Fajitas-98.html]
[mado.az/pics/259/259/product/98/toyuq-fajitas_1577091427.jpg]
[mado.az/menu/meals/Ciz-Biz-Kofte-100.html]
[mado.az/pics/259/259/product/100/CIZ-BIZ_KFT_1626958928.jpg]
[mado.az/menu/meals/Cizburger-104.html]
[mado.az/pics/259/259/product/104/cheeseburger_1577043066.jpg]
[mado.az/menu/meals/S-Belim-Sirom-105.html]
[mado.az/pics/259/259/product/105/gzlmlr_-_a_pendirli_1577089500.jpg]
[mado.az/menu/meals/Kashar-Pendirli-Tost-106.html]
[mado.az/pics/259/259/product/106/Kaar_pendirli_tost_1672147604.jpg]
[mado.az/menu/meals/Club-Sendvic-108.html]
[mado.az/pics/259/259/product/108/sendvi_-_club_1577090141.jpg]
[mado.az/menu/meals/Sucuqlu-Tost-109.html]
[mado.az/pics/259/259/product/109/Qarq_tost_1672147761.jpg]
[mado.az/menu/mealsd620.html]
[mado.az/menu/meals9e2b.html]
[mado.az/menu/mealse2c3.html]
[mado.az/menu/meals/breakfasta696.html]
[mado.az/menu/meals/breakfast5952.html]
[mado.az/menu/meals/breakfast/Mado-Klassik-Seher-Yemeyi-5ce56.html]
[mado.az/menu/meals/breakfast/Isti-Seher-Yemeyi-7ce56.html]
[mado.az/menu/meals/breakfast/Ingilis-Seher-Yemeyi-8ce56.html]
[mado.az/menu/meals/breakfast/Suretli-Seher-Yemeyi-9ce56.html]
[mado.az/menu/meals/breakfast/Enenevi-Kend-Seher-Yemeyi-Sucuqlu-Yumurta-ile-12ce56.html]
[mado.az/menu/meals/breakfast/Enenevi-Kend-Seher-Yemeyi-Menemen-ile-13ce56.html]
[mado.az/menu/meals/breakfast/Milli-Seher-Yemeyi-15ce56.html]
[mado.az/menu/meals/breakfast/Ag-pendir-16ce56.html]
[mado.az/menu/meals/breakfast/Siqara-boreyi-47ce56.html]
[mado.az/menu/meals/breakfast/Qizardilmish-hellim-pendiri-49ce56.html]
[mado.az/menu/meals/breakfast/Kashar-Pendirli-50ce56.html]
[mado.az/menu/meals/breakfast/Tavada-Sucuqlu-Yumurta-51ce56.html]
[mado.az/menu/meals/breakfast/Kashar-Pendirli-Menemen-53ce56.html]
[mado.az/menu/meals/breakfast/Pomidor-xiyar-salati-54ce56.html]
[mado.az/menu/meals/breakfast/Sucuqlu-Menemen-57ce56.html]
[mado.az/menu/meals/breakfast/Pomidor-Yumurta-59ce56.html]
[mado.az/menu/meals/breakfast/Ag-Pendirli-Omlet-60ce56.html]
[mado.az/menu/meals/breakfast/Tavada-Yumurta-61ce56.html]
[mado.az/menu/meals/breakfast/Horgu-pendiri-62ce56.html]
[mado.az/menu/meals/breakfast/Qarishiq-Omlet-63ce56.html]
[mado.az/menu/meals/breakfast/Kashar-pendiri-65ce56.html]
[mado.az/menu/meals/breakfast/Keci-pendiri-66ce56.html]
[mado.az/menu/meals/breakfast/Qara-zeytun-67ce56.html]
[mado.az/menu/meals/breakfast/yashil-zeytun-68ce56.html]
[mado.az/menu/meals/breakfast/Menemen-69ce56.html]
[mado.az/menu/meals/breakfast/Kere-yagi-72ce56.html]
[mado.az/menu/meals/breakfast/Qaymaq-73ce56.html]
[mado.az/menu/meals/breakfast/Bal-74ce56.html]
[mado.az/menu/meals/breakfast/Pendir-Tabagi-474ce56.html]
[mado.az/menu/meals/breakfast/Amerikan-seher-yemeyi-635ce56.html]
[mado.az/pics/259/259/product/635/Amerikan_shr_yemyi_1671623519.jpg]
[mado.az/menu/meals/breakfast8c7d.html]
[mado.az/menu/meals/breakfastce56.html]
[mado.az/menu/meals/soupsa696.html]
[mado.az/menu/meals/soups5952.html]
[mado.az/menu/meals/soups/Qaymaqli-Gobelek-Shorbasi-80ce56.html]
[mado.az/menu/meals/soups/Pomidor-Shorbasi-81ce56.html]
[mado.az/menu/meals/soups/Brokoli-Shorbasi-82ce56.html]
[mado.az/menu/meals/soups/Mercimek-Shorbasi-83ce56.html]
[mado.az/menu/meals/soupsce56.html]
[mado.az/menu/meals/saladsa696.html]
[mado.az/menu/meals/salads5952.html]
[mado.az/menu/meals/salads/Steyk-Salat-48ce56.html]
[mado.az/menu/meals/salads/Toyuq-Salati-77ce56.html]
[mado.az/menu/meals/salads/Coban-Salati-78ce56.html]
[mado.az/menu/meals/salads/Gavurdagi-Salati-380ce56.html]
[mado.az/pics/259/259/product/380/Gavurda_salat_1671703833.jpg]
[mado.az/menu/meals/salads/Aruqula-Salati-381ce56.html]
[mado.az/pics/259/259/product/381/Araqula_salat_1672408467.jpg]
[mado.az/menu/meals/salads/Dietik-Terevez-Salati-481ce56.html]
[mado.az/menu/meals/salads/Badimcan-ezmesi-540ce56.html]
[mado.az/pics/259/259/product/540/Badmcan_zmsi_1612962780.jpg]
[mado.az/menu/meals/salads/Manqal-salati-541ce56.html]
[mado.az/pics/259/259/product/541/Manqal_Salat_1612963180.jpg]
[mado.az/menu/meals/salads/Toyuq-ezmesi-542ce56.html]
[mado.az/pics/259/259/product/542/Toyuq_zmsi_1612963578.jpg]
[mado.az/menu/meals/salads/Popkorn-salati-626ce56.html]
[mado.az/pics/259/259/product/626/Popkorn_salat_1671537558.jpg]
[mado.az/menu/meals/salads/Krispi-ciken-salati-627ce56.html]
[mado.az/pics/259/259/product/627/Krispi_iken_1671538025.jpg]
[mado.az/menu/meals/salads/Santa-Fe-ciken-salati-628ce56.html]
[mado.az/menu/meals/saladsce56.html]
[mado.az/menu/meals/sancksa696.html]
[mado.az/menu/meals/sancks5952.html]
[mado.az/menu/meals/sancks/Toyuq-Kroket-126ce56.html]
[mado.az/menu/meals/sancks/Mozzarella-Fingers-400ce56.html]
[mado.az/menu/meals/sancks/Krevetka-Tempura-401ce56.html]
[mado.az/pics/259/259/product/401/Krevetka_tempura_set_1671703433.jpg]
[mado.az/menu/meals/sancks/Kasharli-Manqal-Durum-493ce56.html]
[mado.az/menu/meals/sancks/Badimcan-ezmesi-540ce56.html]
[mado.az/menu/meals/sancks/Manqal-salati-541ce56.html]
[mado.az/menu/meals/sancks/Toyuq-ezmesi-542ce56.html]
[mado.az/menu/meals/sancks/Izqara-kofte-shish-durum-649ce56.html]
[mado.az/pics/259/259/product/649/zqara_kft_i_drm_1673082299.jpg]
[mado.az/menu/meals/sancks/Meksika-sayagi-durum-acili-650ce56.html]
[mado.az/pics/259/259/product/650/Meksika_saya_drm_1673082806.jpg]
[mado.az/menu/meals/sancks/Adana-durum-acili-651ce56.html]
[mado.az/pics/259/259/product/651/Adana_drm_1673083005.jpg]
[mado.az/menu/meals/sancks/Toyuq-shish-durum-652ce56.html]
[mado.az/pics/259/259/product/652/Toyuq_i_drm_1673083158.jpg]
[mado.az/menu/meals/sancksce56.html]
[mado.az/menu/meals/hot-dishesa696.html]
[mado.az/menu/meals/hot-dishes5952.html]
[mado.az/menu/meals/hot-dishes/Neapolitan-Souslu-Findiq-Kofte-84ce56.html]
[mado.az/menu/meals/hot-dishes/Kahraman-Marash-Yogurtlu-Kabab-86ce56.html]
[mado.az/menu/meals/hot-dishes/Terevezli-Can-Eti-Bukmesi-87ce56.html]
[mado.az/menu/meals/hot-dishes/Quzu-Etli-Nar-Qovurma-89ce56.html]
[mado.az/menu/meals/hot-dishes/Terevezli-Izqara-Toyuq-Kabab-90ce56.html]
[mado.az/menu/meals/hot-dishes/Sirdaq-Dana-Eti-ile-91ce56.html]
[mado.az/menu/meals/hot-dishes/Toyuq-Qara-Tava-92ce56.html]
[mado.az/menu/meals/hot-dishes/Quzu-Qovurma-93ce56.html]
[mado.az/menu/meals/hot-dishes/Toyuq-Ruleti-94ce56.html]
[mado.az/menu/meals/hot-dishes/Fisincan-Plov-95ce56.html]
[mado.az/menu/meals/hot-dishes/Sebzeli-Plov-96ce56.html]
[mado.az/menu/meals/hot-dishes/Toyuq-Cop-Shish-97ce56.html]
[mado.az/menu/meals/hot-dishes/Toyuq-Fajitas-98ce56.html]
[mado.az/menu/meals/hot-dishes/Souslu-Kofte-99ce56.html]
[mado.az/menu/meals/hot-dishes/Ciz-Biz-Kofte-100ce56.html]
[mado.az/menu/meals/hot-dishes/Etli-Fajitas-101ce56.html]
[mado.az/menu/meals/hot-dishes/Et-Cop-Shish-102ce56.html]
[mado.az/menu/meals/hot-dishes/Manti-112ce56.html]
[mado.az/pics/259/259/product/112/mant_1577043375.jpg]
[mado.az/menu/meals/hot-dishes/Mini-Shah-Plov-412ce56.html]
[mado.az/pics/259/259/product/412/24._Mini_ah_Plov_1579344929.jpg]
[mado.az/menu/meals/hot-dishes/Toyuq-Izqara-Kabab-413ce56.html]
[mado.az/menu/meals/hot-dishes/Toyuq-Qanadlari-Cheltik-Sousu-ile-415ce56.html]
[mado.az/pics/259/259/product/415/27._Toyuq_Qanadlar_ltik_Sousu_il_1579347872.jpg]
[mado.az/menu/meals/hot-dishes/Gobelekli-Toyuq-Qovurma-416ce56.html]
[mado.az/pics/259/259/product/416/28._Gblkli_Toyuq_Qovurma_29._Gblkli_t_Qovurma_1579348055.jpg]
[mado.az/menu/meals/hot-dishes/Gobelekli-Et-Qovurma-417ce56.html]
[mado.az/pics/259/259/product/417/28._Gblkli_Toyuq_Qovurma_29._Gblkli_t_Qovurma_1579348055.jpg]
[mado.az/menu/meals/hot-dishes/Tava-Kababi-419ce56.html]
[mado.az/menu/meals/hot-dishes/Chop-Shish-Kofte-420ce56.html]
[mado.az/menu/meals/hot-dishes/Qarishiq-Kofte-421ce56.html]
[mado.az/menu/meals/hot-dishes/Dana-Lokum-422ce56.html]
[mado.az/menu/meals/hot-dishes/Pideli-Findiqli-Kofte-423ce56.html]
[mado.az/menu/meals/hot-dishes/Quzu-tike-kabab-BEL-469ce56.html]
[mado.az/menu/meals/hot-dishes/Lobya-Plov-Ashqara-ile-477ce56.html]
[mado.az/menu/meals/hot-dishesce56.html]
[mado.az/menu/meals/hot-dishes8c7d.html]
[mado.az/menu/meals/kababa696.html]
[mado.az/menu/meals/kabab5952.html]
[mado.az/menu/meals/kabab/Toyuq-Qanad-Kababi-487ce56.html]
[mado.az/menu/meals/kabab/Toyuq-Kababi-bud-dibi-488ce56.html]
[mado.az/menu/meals/kababce56.html]
[mado.az/menu/meals/burgers-sandwichesce56.html]
[mado.az/menu/meals/pizzaa696.html]
[mado.az/menu/meals/pizza5952.html]
[mado.az/menu/meals/pizza/Marqarita-Pizza-120ce56.html]
[mado.az/pics/259/259/product/120/marqarita-pizza_1577090026.jpg]
[mado.az/menu/meals/pizza/Mado-Special-Pizza-122ce56.html]
[mado.az/menu/meals/pizza/Qarishiq-Pizza-123ce56.html]
[mado.az/menu/meals/pizza/Sezar-Pizza-124ce56.html]
[mado.az/menu/meals/pizza/Pizza-Polo-125ce56.html]
[mado.az/pics/259/259/product/125/pizza-polo_1577089583.jpg]
[mado.az/menu/meals/pizzace56.html]
[mado.az/menu/meals/pastaa696.html]
[mado.az/menu/meals/pasta5952.html]
[mado.az/menu/meals/pasta/Fettuccine-Alfredo-328ce56.html]
[mado.az/pics/259/259/product/328/Fettuccine_Alfredo_1672408119.jpg]
[mado.az/menu/meals/pasta/Spaghetti-Bolognese-329ce56.html]
[mado.az/menu/meals/pasta/Penne-Arabiatta-330ce56.html]
[mado.az/menu/meals/pasta/Penne-Da-Vinci-645ce56.html]
[mado.az/pics/259/259/product/645/Penne_Da_Vinci_1671632371.jpg]
[mado.az/menu/meals/pastace56.html]
[mado.az/menu/meals/diyetika696.html]
[mado.az/menu/meals/diyetik5952.html]
[mado.az/menu/meals/diyetik/Dietik-Terevez-Salati-481ce56.html]
[mado.az/menu/meals/diyetik/Dietik-Toyuq-Kesmikli-Qarabashaq-ile-482ce56.html]
[mado.az/menu/meals/diyetikce56.html]
[mado.az/menu/sweets/js/jquery-3.3.1.min1bce.js]
[mado.az/menu/sweets/milk-sweetsa696.html]
[mado.az/menu/sweets/milk-sweets5952.html]
[mado.az/menu/sweets.html]
